<?xml version="1.0" encoding="utf-8"?>
<TestRun id="864836b0-3bc7-4e9d-ae45-aa3cfb521c19" name="TechCare@DESKTOP-584MV4B 2025-08-15 19:30:36" runUser="DESKTOP-584MV4B\TechCare" xmlns="http://microsoft.com/schemas/VisualStudio/TeamTest/2010">
  <Times creation="2025-08-15T19:30:36.4766743+07:00" queuing="2025-08-15T19:30:36.4766753+07:00" start="2025-08-15T19:30:30.6343354+07:00" finish="2025-08-15T19:30:36.4875836+07:00" />
  <TestSettings name="default" id="5c3b6f05-c2cb-4955-96c2-48bae9b2227d">
    <Deployment runDeploymentRoot="TechCare_DESKTOP-584MV4B_2025-08-15_19_30_36" />
  </TestSettings>
  <Results>
    <UnitTestResult executionId="34605774-e5ee-48d1-bfd6-87fd1cba08c8" testId="84a7bb35-41de-037a-877a-8039308090fd" testName="BotG.Tests.RiskManagerSizingTests.CalculateOrderSize_MinUnitAndCap" computerName="DESKTOP-584MV4B" duration="00:00:00.0004756" startTime="2025-08-15T19:30:36.3011391+07:00" endTime="2025-08-15T19:30:36.3011391+07:00" testType="13cdc9d9-ddb5-4fa4-a97d-d965ccfc6d4b" outcome="Passed" testListId="8c84fa94-04c1-424b-9868-57a2d4851a1d" relativeResultsDirectory="34605774-e5ee-48d1-bfd6-87fd1cba08c8" />
    <UnitTestResult executionId="813c76e7-7bbd-414c-92ea-46f091c4758b" testId="152ace0f-8de4-238a-b7d0-610365ce6e04" testName="BotG.Tests.RiskManagerSizingTests.CalculateOrderSize_UsesSettingsPointValue_WhenParamZero" computerName="DESKTOP-584MV4B" duration="00:00:00.6895601" startTime="2025-08-15T19:30:36.2922235+07:00" endTime="2025-08-15T19:30:36.2922848+07:00" testType="13cdc9d9-ddb5-4fa4-a97d-d965ccfc6d4b" outcome="Passed" testListId="8c84fa94-04c1-424b-9868-57a2d4851a1d" relativeResultsDirectory="813c76e7-7bbd-414c-92ea-46f091c4758b" />
    <UnitTestResult executionId="bdea1f1d-a7ad-4847-938d-0e542a71fac0" testId="88305911-52b3-312b-383e-cf12cf876653" testName="BotG.Tests.RiskManagerSizingTests.CalculateOrderSize_UsesRiskPercentAndMinRisk_WithStopDistAndPointValue" computerName="DESKTOP-584MV4B" duration="00:00:00.0004605" startTime="2025-08-15T19:30:36.3067199+07:00" endTime="2025-08-15T19:30:36.3067202+07:00" testType="13cdc9d9-ddb5-4fa4-a97d-d965ccfc6d4b" outcome="Passed" testListId="8c84fa94-04c1-424b-9868-57a2d4851a1d" relativeResultsDirectory="bdea1f1d-a7ad-4847-938d-0e542a71fac0" />
    <UnitTestResult executionId="c433ff9a-2a12-4342-8668-eb6090683b35" testId="1d44198d-65ce-8062-1899-93013bf85174" testName="BotG.Tests.RiskManagerSizingTests.SetPointValueFromSymbol_Computes_FromSymbolMetadata" computerName="DESKTOP-584MV4B" duration="00:00:00.0151448" startTime="2025-08-15T19:30:36.3061367+07:00" endTime="2025-08-15T19:30:36.3061374+07:00" testType="13cdc9d9-ddb5-4fa4-a97d-d965ccfc6d4b" outcome="Passed" testListId="8c84fa94-04c1-424b-9868-57a2d4851a1d" relativeResultsDirectory="c433ff9a-2a12-4342-8668-eb6090683b35" />
  </Results>
  <TestDefinitions>
    <UnitTest name="BotG.Tests.RiskManagerSizingTests.CalculateOrderSize_UsesRiskPercentAndMinRisk_WithStopDistAndPointValue" storage="d:\onedrive\tài liệu\calgo\sources\robots\botg\tests\bin\debug\net6.0\botg.tests.dll" id="88305911-52b3-312b-383e-cf12cf876653">
      <Execution id="bdea1f1d-a7ad-4847-938d-0e542a71fac0" />
      <TestMethod codeBase="D:\OneDrive\Tài liệu\cAlgo\Sources\Robots\BotG\Tests\bin\Debug\net6.0\BotG.Tests.dll" adapterTypeName="executor://xunit/VsTestRunner2/netcoreapp" className="BotG.Tests.RiskManagerSizingTests" name="CalculateOrderSize_UsesRiskPercentAndMinRisk_WithStopDistAndPointValue" />
    </UnitTest>
    <UnitTest name="BotG.Tests.RiskManagerSizingTests.SetPointValueFromSymbol_Computes_FromSymbolMetadata" storage="d:\onedrive\tài liệu\calgo\sources\robots\botg\tests\bin\debug\net6.0\botg.tests.dll" id="1d44198d-65ce-8062-1899-93013bf85174">
      <Execution id="c433ff9a-2a12-4342-8668-eb6090683b35" />
      <TestMethod codeBase="D:\OneDrive\Tài liệu\cAlgo\Sources\Robots\BotG\Tests\bin\Debug\net6.0\BotG.Tests.dll" adapterTypeName="executor://xunit/VsTestRunner2/netcoreapp" className="BotG.Tests.RiskManagerSizingTests" name="SetPointValueFromSymbol_Computes_FromSymbolMetadata" />
    </UnitTest>
    <UnitTest name="BotG.Tests.RiskManagerSizingTests.CalculateOrderSize_MinUnitAndCap" storage="d:\onedrive\tài liệu\calgo\sources\robots\botg\tests\bin\debug\net6.0\botg.tests.dll" id="84a7bb35-41de-037a-877a-8039308090fd">
      <Execution id="34605774-e5ee-48d1-bfd6-87fd1cba08c8" />
      <TestMethod codeBase="D:\OneDrive\Tài liệu\cAlgo\Sources\Robots\BotG\Tests\bin\Debug\net6.0\BotG.Tests.dll" adapterTypeName="executor://xunit/VsTestRunner2/netcoreapp" className="BotG.Tests.RiskManagerSizingTests" name="CalculateOrderSize_MinUnitAndCap" />
    </UnitTest>
    <UnitTest name="BotG.Tests.RiskManagerSizingTests.CalculateOrderSize_UsesSettingsPointValue_WhenParamZero" storage="d:\onedrive\tài liệu\calgo\sources\robots\botg\tests\bin\debug\net6.0\botg.tests.dll" id="152ace0f-8de4-238a-b7d0-610365ce6e04">
      <Execution id="813c76e7-7bbd-414c-92ea-46f091c4758b" />
      <TestMethod codeBase="D:\OneDrive\Tài liệu\cAlgo\Sources\Robots\BotG\Tests\bin\Debug\net6.0\BotG.Tests.dll" adapterTypeName="executor://xunit/VsTestRunner2/netcoreapp" className="BotG.Tests.RiskManagerSizingTests" name="CalculateOrderSize_UsesSettingsPointValue_WhenParamZero" />
    </UnitTest>
  </TestDefinitions>
  <TestEntries>
    <TestEntry testId="84a7bb35-41de-037a-877a-8039308090fd" executionId="34605774-e5ee-48d1-bfd6-87fd1cba08c8" testListId="8c84fa94-04c1-424b-9868-57a2d4851a1d" />
    <TestEntry testId="152ace0f-8de4-238a-b7d0-610365ce6e04" executionId="813c76e7-7bbd-414c-92ea-46f091c4758b" testListId="8c84fa94-04c1-424b-9868-57a2d4851a1d" />
    <TestEntry testId="88305911-52b3-312b-383e-cf12cf876653" executionId="bdea1f1d-a7ad-4847-938d-0e542a71fac0" testListId="8c84fa94-04c1-424b-9868-57a2d4851a1d" />
    <TestEntry testId="1d44198d-65ce-8062-1899-93013bf85174" executionId="c433ff9a-2a12-4342-8668-eb6090683b35" testListId="8c84fa94-04c1-424b-9868-57a2d4851a1d" />
  </TestEntries>
  <TestLists>
    <TestList name="Results Not in a List" id="8c84fa94-04c1-424b-9868-57a2d4851a1d" />
    <TestList name="All Loaded Results" id="19431567-8539-422a-85d7-44ee4e166bda" />
  </TestLists>
  <ResultSummary outcome="Completed">
    <Counters total="4" executed="4" passed="4" failed="0" error="0" timeout="0" aborted="0" inconclusive="0" passedButRunAborted="0" notRunnable="0" notExecuted="0" disconnected="0" warning="0" completed="0" inProgress="0" pending="0" />
    <Output>
      <StdOut>[xUnit.net 00:00:00.00] xUnit.net VSTest Adapter v2.5.4.1+b9eacec401 (64-bit .NET 6.0.36)&#xD;
[xUnit.net 00:00:01.21]   Discovering: BotG.Tests&#xD;
[xUnit.net 00:00:01.25]   Discovered:  BotG.Tests&#xD;
[xUnit.net 00:00:01.26]   Starting:    BotG.Tests&#xD;
[RiskManager] Using PointValuePerUnit from settings: 2,5&#xD;
[RiskManager] Computed PointValuePerUnit=0,001&#xD;
[xUnit.net 00:00:02.05]   Finished:    BotG.Tests&#xD;
</StdOut>
    </Output>
  </ResultSummary>
</TestRun>